#
# There is insufficient memory for the Java Runtime Environment to continue.
# Native memory allocation (malloc) failed to allocate 32744 bytes for ChunkPool::allocate
# Possible reasons:
#   The system is out of physical RAM or swap space
#   In 32 bit mode, the process size limit was hit
# Possible solutions:
#   Reduce memory load on the system
#   Increase physical memory or swap space
#   Check if swap backing store is full
#   Use 64 bit Java on a 64 bit OS
#   Decrease Java heap size (-Xmx/-Xms)
#   Decrease number of Java threads
#   Decrease Java thread stack sizes (-Xss)
#   Set larger code cache with -XX:ReservedCodeCacheSize=
# This output file may be truncated or incomplete.
#
#  Out of Memory Error (allocation.cpp:273), pid=478248, tid=0x0000000000075580
#
# JRE version: Java(TM) SE Runtime Environment (8.0_171-b11) (build 1.8.0_171-b11)
# Java VM: Java HotSpot(TM) 64-Bit Server VM (25.171-b11 mixed mode windows-amd64 compressed oops)
# Failed to write core dump. Minidumps are not enabled by default on client versions of Windows
#

---------------  T H R E A D  ---------------

Current thread (0x00000000193da000):  JavaThread "C1 CompilerThread3" daemon [_thread_in_native, id=480640, stack(0x0000000019e90000,0x0000000019f90000)]

Stack: [0x0000000019e90000,0x0000000019f90000]
[error occurred during error reporting (printing stack bounds), id 0xc0000005]

Native frames: (J=compiled Java code, j=interpreted, Vv=VM code, C=native code)


Current CompileTask:
C1:   5338  981   !   3       sun.nio.ch.WindowsSelectorImpl$SubSelector::processFDSet (374 bytes)


---------------  P R O C E S S  ---------------

Java Threads: ( => current thread )
  0x000000001a8a5000 JavaThread "forward input" [_thread_blocked, id=444116, stack(0x000000001c850000,0x000000001c950000)]
  0x000000001a8a0800 JavaThread "DisconnectableInputStream source reader" daemon [_thread_in_native, id=478920, stack(0x000000001c650000,0x000000001c750000)]
  0x000000001aa17800 JavaThread "pool-1-thread-1" [_thread_blocked, id=478996, stack(0x000000001ba60000,0x000000001bb60000)]
  0x0000000019432800 JavaThread "Service Thread" daemon [_thread_blocked, id=478620, stack(0x0000000019f90000,0x000000001a090000)]
=>0x00000000193da000 JavaThread "C1 CompilerThread3" daemon [_thread_in_native, id=480640, stack(0x0000000019e90000,0x0000000019f90000)]
  0x00000000193d4000 JavaThread "C2 CompilerThread2" daemon [_thread_blocked, id=474336, stack(0x0000000019d90000,0x0000000019e90000)]
  0x00000000193ce000 JavaThread "C2 CompilerThread1" daemon [_thread_blocked, id=453968, stack(0x0000000019c90000,0x0000000019d90000)]
  0x00000000193cc000 JavaThread "C2 CompilerThread0" daemon [_thread_blocked, id=469600, stack(0x0000000019b90000,0x0000000019c90000)]
  0x00000000193c6000 JavaThread "Attach Listener" daemon [_thread_blocked, id=474192, stack(0x0000000019a90000,0x0000000019b90000)]
  0x00000000193c4800 JavaThread "Signal Dispatcher" daemon [_thread_blocked, id=467260, stack(0x0000000019990000,0x0000000019a90000)]
  0x00000000193b0800 JavaThread "Finalizer" daemon [_thread_blocked, id=469916, stack(0x0000000019790000,0x0000000019890000)]
  0x00000000174bd800 JavaThread "Reference Handler" daemon [_thread_blocked, id=474648, stack(0x0000000019290000,0x0000000019390000)]
  0x0000000002862800 JavaThread "main" [_thread_in_native, id=470544, stack(0x0000000002710000,0x0000000002810000)]

Other Threads:
  0x00000000174b9000 VMThread [stack: 0x0000000019190000,0x0000000019290000] [id=481456]
  0x0000000019467000 WatcherThread [stack: 0x000000001a090000,0x000000001a190000] [id=478860]

VM state:not at safepoint (normal execution)

VM Mutex/Monitor currently owned by a thread: None

Heap:
 PSYoungGen      total 35840K, used 12331K [0x00000000d8700000, 0x00000000daf00000, 0x0000000100000000)
  eden space 30720K, 23% used [0x00000000d8700000,0x00000000d8e0f9a0,0x00000000da500000)
  from space 5120K, 99% used [0x00000000da500000,0x00000000da9fb5a8,0x00000000daa00000)
  to   space 5120K, 0% used [0x00000000daa00000,0x00000000daa00000,0x00000000daf00000)
 ParOldGen       total 81920K, used 8K [0x0000000089400000, 0x000000008e400000, 0x00000000d8700000)
  object space 81920K, 0% used [0x0000000089400000,0x0000000089402000,0x000000008e400000)
 Metaspace       used 11055K, capacity 11364K, committed 11648K, reserved 1058816K
  class space    used 1495K, capacity 1593K, committed 1664K, reserved 1048576K

Card table byte_map: [0x0000000011d70000,0x0000000012130000] byte_map_base: 0x0000000011926000

Marking Bits: (ParMarkBitMap*) 0x000000006d0808c0
 Begin Bits: [0x0000000012bb0000, 0x0000000014960000)
 End Bits:   [0x0000000014960000, 0x0000000016710000)

Polling page: 0x0000000002620000

CodeCache: size=245760Kb used=3303Kb max_used=3303Kb free=242456Kb
 bounds [0x00000000029b0000, 0x0000000002cf0000, 0x00000000119b0000]
 total_blobs=1341 nmethods=980 adapters=274
 compilation: enabled

Compilation events (10 events):
Event: 4.861 Thread 0x00000000193da000 nmethod 976 0x0000000002ce4590 code [0x0000000002ce46e0, 0x0000000002ce4830]
Event: 5.061 Thread 0x00000000193da000  977       3       java.util.concurrent.ThreadPoolExecutor::runStateOf (5 bytes)
Event: 5.062 Thread 0x00000000193da000 nmethod 977 0x0000000002ceaad0 code [0x0000000002ceac20, 0x0000000002cead50]
Event: 5.148 Thread 0x00000000193da000  978       1       org.gradle.internal.logging.console.DefaultAnsiExecutor::access$100 (5 bytes)
Event: 5.148 Thread 0x00000000193da000 nmethod 978 0x0000000002cea810 code [0x0000000002cea960, 0x0000000002ceaa50]
Event: 5.249 Thread 0x00000000193da000  979       3       java.lang.String::valueOf (14 bytes)
Event: 5.249 Thread 0x00000000193da000 nmethod 979 0x0000000002cea390 code [0x0000000002cea500, 0x0000000002cea748]
Event: 5.249 Thread 0x00000000193da000  980       3       java.lang.StringBuilder::append (9 bytes)
Event: 5.249 Thread 0x00000000193da000 nmethod 980 0x0000000002ceb650 code [0x0000000002ceb7e0, 0x0000000002cebbd8]
Event: 5.328 Thread 0x00000000193da000  981   !   3       sun.nio.ch.WindowsSelectorImpl$SubSelector::processFDSet (374 bytes)

GC Heap History (2 events):
Event: 1.128 GC heap before
{Heap before GC invocations=1 (full 0):
 PSYoungGen      total 35840K, used 30720K [0x00000000d8700000, 0x00000000daf00000, 0x0000000100000000)
  eden space 30720K, 100% used [0x00000000d8700000,0x00000000da500000,0x00000000da500000)
  from space 5120K, 0% used [0x00000000daa00000,0x00000000daa00000,0x00000000daf00000)
  to   space 5120K, 0% used [0x00000000da500000,0x00000000da500000,0x00000000daa00000)
 ParOldGen       total 81920K, used 0K [0x0000000089400000, 0x000000008e400000, 0x00000000d8700000)
  object space 81920K, 0% used [0x0000000089400000,0x0000000089400000,0x000000008e400000)
 Metaspace       used 9314K, capacity 9568K, committed 9856K, reserved 1058816K
  class space    used 1261K, capacity 1359K, committed 1408K, reserved 1048576K
Event: 1.136 GC heap after
Heap after GC invocations=1 (full 0):
 PSYoungGen      total 35840K, used 5101K [0x00000000d8700000, 0x00000000daf00000, 0x0000000100000000)
  eden space 30720K, 0% used [0x00000000d8700000,0x00000000d8700000,0x00000000da500000)
  from space 5120K, 99% used [0x00000000da500000,0x00000000da9fb5a8,0x00000000daa00000)
  to   space 5120K, 0% used [0x00000000daa00000,0x00000000daa00000,0x00000000daf00000)
 ParOldGen       total 81920K, used 8K [0x0000000089400000, 0x000000008e400000, 0x00000000d8700000)
  object space 81920K, 0% used [0x0000000089400000,0x0000000089402000,0x000000008e400000)
 Metaspace       used 9314K, capacity 9568K, committed 9856K, reserved 1058816K
  class space    used 1261K, capacity 1359K, committed 1408K, reserved 1048576K
}

Deoptimization events (3 events):
Event: 0.415 Thread 0x0000000002862800 Uncommon trap: reason=unstable_if action=reinterpret pc=0x0000000002b23338 method=java.lang.String.startsWith(Ljava/lang/String;I)Z @ 25
Event: 0.749 Thread 0x0000000002862800 Uncommon trap: reason=unstable_if action=reinterpret pc=0x0000000002bfa05c method=java.util.HashMap.hash(Ljava/lang/Object;)I @ 1
Event: 0.790 Thread 0x0000000002862800 Uncommon trap: reason=unstable_if action=reinterpret pc=0x0000000002bf773c method=java.util.HashMap.getNode(ILjava/lang/Object;)Ljava/util/HashMap$Node; @ 129

Classes redefined (0 events):
No events

Internal exceptions (10 events):
Event: 1.254 Thread 0x0000000002862800 Exception <a 'java/lang/NoSuchMethodError': <clinit>> (0x00000000d8aec008) thrown at [C:\re\workspace\8-2-build-windows-amd64-cygwin\jdk8u171\10807\hotspot\src\share\vm\prims\jni.cpp, line 1613]
Event: 1.254 Thread 0x0000000002862800 Exception <a 'java/lang/NoSuchMethodError': <clinit>> (0x00000000d8af35f0) thrown at [C:\re\workspace\8-2-build-windows-amd64-cygwin\jdk8u171\10807\hotspot\src\share\vm\prims\jni.cpp, line 1613]
Event: 1.255 Thread 0x0000000002862800 Exception <a 'java/lang/NoSuchMethodError': <clinit>> (0x00000000d8b0fb48) thrown at [C:\re\workspace\8-2-build-windows-amd64-cygwin\jdk8u171\10807\hotspot\src\share\vm\prims\jni.cpp, line 1613]
Event: 1.260 Thread 0x0000000002862800 Exception <a 'java/lang/NoSuchMethodError': <clinit>> (0x00000000d8b5de60) thrown at [C:\re\workspace\8-2-build-windows-amd64-cygwin\jdk8u171\10807\hotspot\src\share\vm\prims\jni.cpp, line 1613]
Event: 1.262 Thread 0x0000000002862800 Exception <a 'java/lang/NoSuchMethodError': <clinit>> (0x00000000d8b7def8) thrown at [C:\re\workspace\8-2-build-windows-amd64-cygwin\jdk8u171\10807\hotspot\src\share\vm\prims\jni.cpp, line 1613]
Event: 1.263 Thread 0x0000000002862800 Exception <a 'java/lang/NoSuchMethodError': <clinit>> (0x00000000d8b866e8) thrown at [C:\re\workspace\8-2-build-windows-amd64-cygwin\jdk8u171\10807\hotspot\src\share\vm\prims\jni.cpp, line 1613]
Event: 1.264 Thread 0x0000000002862800 Exception <a 'java/lang/NoSuchMethodError': <clinit>> (0x00000000d8b93860) thrown at [C:\re\workspace\8-2-build-windows-amd64-cygwin\jdk8u171\10807\hotspot\src\share\vm\prims\jni.cpp, line 1613]
Event: 1.266 Thread 0x0000000002862800 Exception <a 'java/lang/NoSuchMethodError': <clinit>> (0x00000000d8bad7a0) thrown at [C:\re\workspace\8-2-build-windows-amd64-cygwin\jdk8u171\10807\hotspot\src\share\vm\prims\jni.cpp, line 1613]
Event: 1.903 Thread 0x0000000002862800 Exception <a 'java/lang/NoSuchMethodError': <clinit>> (0x00000000d8bd95a0) thrown at [C:\re\workspace\8-2-build-windows-amd64-cygwin\jdk8u171\10807\hotspot\src\share\vm\prims\jni.cpp, line 1613]
Event: 1.903 Thread 0x0000000002862800 Exception <a 'java/lang/NoSuchMethodError': <clinit>> (0x00000000d8be3350) thrown at [C:\re\workspace\8-2-build-windows-amd64-cygwin\jdk8u171\10807\hotspot\src\share\vm\prims\jni.cpp, line 1613]

Events (10 events):
Event: 3.275 loading class org/gradle/internal/logging/text/AbstractLineChoppingStyledTextOutput$StateContext
Event: 3.275 loading class org/gradle/internal/logging/text/AbstractLineChoppingStyledTextOutput$StateContext done
Event: 3.350 loading class com/google/common/base/Objects
Event: 3.350 loading class com/google/common/base/Objects done
Event: 4.245 Executing VM operation: EnableBiasedLocking
Event: 4.246 Executing VM operation: EnableBiasedLocking done
Event: 4.349 loading class org/gradle/internal/logging/console/DefaultTextArea$2
Event: 4.349 loading class org/gradle/internal/logging/console/DefaultTextArea$2 done
Event: 4.350 loading class org/gradle/internal/logging/console/DefaultTextArea$2$1
Event: 4.350 loading class org/gradle/internal/logging/console/DefaultTextArea$2$1 done


Dynamic libraries:
0x00007ff763d60000 - 0x00007ff763d97000 	C:\Program Files\Java\jdk1.8.0_171\bin\java.exe
0x00007ff929010000 - 0x00007ff9291f1000 	C:\WINDOWS\SYSTEM32\ntdll.dll
0x00007ff90be70000 - 0x00007ff90be84000 	C:\Program Files\AVAST Software\Avast\x64\aswhooka.dll
0x00007ff928310000 - 0x00007ff9283c2000 	C:\WINDOWS\System32\KERNEL32.DLL
0x00007ff925510000 - 0x00007ff925783000 	C:\WINDOWS\System32\KERNELBASE.dll
0x00007ff926790000 - 0x00007ff926831000 	C:\WINDOWS\System32\ADVAPI32.dll
0x00007ff928f40000 - 0x00007ff928fde000 	C:\WINDOWS\System32\msvcrt.dll
0x00007ff928ee0000 - 0x00007ff928f3b000 	C:\WINDOWS\System32\sechost.dll
0x00007ff928870000 - 0x00007ff928994000 	C:\WINDOWS\System32\RPCRT4.dll
0x00007ff9264a0000 - 0x00007ff926630000 	C:\WINDOWS\System32\USER32.dll
0x00007ff925f40000 - 0x00007ff925f60000 	C:\WINDOWS\System32\win32u.dll
0x00007ff928440000 - 0x00007ff928468000 	C:\WINDOWS\System32\GDI32.dll
0x00007ff926010000 - 0x00007ff9261a2000 	C:\WINDOWS\System32\gdi32full.dll
0x00007ff925790000 - 0x00007ff92582f000 	C:\WINDOWS\System32\msvcp_win.dll
0x00007ff9263a0000 - 0x00007ff92649a000 	C:\WINDOWS\System32\ucrtbase.dll
0x00007ff9171f0000 - 0x00007ff917459000 	C:\WINDOWS\WinSxS\amd64_microsoft.windows.common-controls_6595b64144ccf1df_6.0.17134.407_none_fb449d63306391e9\COMCTL32.dll
0x00007ff928b30000 - 0x00007ff928e52000 	C:\WINDOWS\System32\combase.dll
0x00007ff925440000 - 0x00007ff9254ba000 	C:\WINDOWS\System32\bcryptPrimitives.dll
0x00007ff926ea0000 - 0x00007ff926ecd000 	C:\WINDOWS\System32\IMM32.DLL
0x00007e1100000000 - 0x00007e110006d000 	C:\cmder\vendor\conemu-maximus5\ConEmu\ConEmuHk64.dll
0x000000006d100000 - 0x000000006d1d2000 	C:\Program Files\Java\jdk1.8.0_171\jre\bin\msvcr100.dll
0x000000006c860000 - 0x000000006d100000 	C:\Program Files\Java\jdk1.8.0_171\jre\bin\server\jvm.dll
0x00007ff9283d0000 - 0x00007ff9283d8000 	C:\WINDOWS\System32\PSAPI.DLL
0x00007ff91cd00000 - 0x00007ff91cd09000 	C:\WINDOWS\SYSTEM32\WSOCK32.dll
0x00007ff9289a0000 - 0x00007ff928a0c000 	C:\WINDOWS\System32\WS2_32.dll
0x00007ff91d520000 - 0x00007ff91d543000 	C:\WINDOWS\SYSTEM32\WINMM.dll
0x00007ff91e930000 - 0x00007ff91e93a000 	C:\WINDOWS\SYSTEM32\VERSION.dll
0x00007ff91d310000 - 0x00007ff91d33a000 	C:\WINDOWS\SYSTEM32\WINMMBASE.dll
0x00000000025d0000 - 0x0000000002619000 	C:\WINDOWS\System32\cfgmgr32.dll
0x000000006c850000 - 0x000000006c85f000 	C:\Program Files\Java\jdk1.8.0_171\jre\bin\verify.dll
0x000000006c820000 - 0x000000006c849000 	C:\Program Files\Java\jdk1.8.0_171\jre\bin\java.dll
0x000000006c800000 - 0x000000006c816000 	C:\Program Files\Java\jdk1.8.0_171\jre\bin\zip.dll
0x00007ff926ed0000 - 0x00007ff92830f000 	C:\WINDOWS\System32\SHELL32.dll
0x00007ff928a80000 - 0x00007ff928b29000 	C:\WINDOWS\System32\shcore.dll
0x00007ff925830000 - 0x00007ff925f3d000 	C:\WINDOWS\System32\windows.storage.dll
0x00007ff926840000 - 0x00007ff926891000 	C:\WINDOWS\System32\shlwapi.dll
0x00007ff9253a0000 - 0x00007ff9253b1000 	C:\WINDOWS\System32\kernel.appcore.dll
0x00007ff925380000 - 0x00007ff92539f000 	C:\WINDOWS\System32\profapi.dll
0x00007ff925330000 - 0x00007ff92537c000 	C:\WINDOWS\System32\powrprof.dll
0x00007ff925320000 - 0x00007ff92532a000 	C:\WINDOWS\System32\FLTLIB.DLL
0x000000006c7e0000 - 0x000000006c7fa000 	C:\Program Files\Java\jdk1.8.0_171\jre\bin\net.dll
0x00007ff924ba0000 - 0x00007ff924c06000 	C:\WINDOWS\system32\mswsock.dll
0x000000006c7c0000 - 0x000000006c7d1000 	C:\Program Files\Java\jdk1.8.0_171\jre\bin\nio.dll
0x00007ff91c640000 - 0x00007ff91c65e000 	C:\Users\denis.kuts\.gradle\native\25\windows-amd64\native-platform.dll
0x00007ff921490000 - 0x00007ff92149a000 	C:\Users\denis.kuts\.gradle\native\jansi\1.14\windows64\jansi.dll
0x000000006c7b0000 - 0x000000006c7bd000 	C:\Program Files\Java\jdk1.8.0_171\jre\bin\management.dll
0x00007ff924d50000 - 0x00007ff924d67000 	C:\WINDOWS\SYSTEM32\CRYPTSP.dll
0x00007ff924780000 - 0x00007ff9247b3000 	C:\WINDOWS\system32\rsaenh.dll
0x00007ff924e80000 - 0x00007ff924ea5000 	C:\WINDOWS\SYSTEM32\bcrypt.dll
0x00007ff925250000 - 0x00007ff925278000 	C:\WINDOWS\SYSTEM32\USERENV.dll
0x00007ff924d70000 - 0x00007ff924d7b000 	C:\WINDOWS\SYSTEM32\CRYPTBASE.dll
0x00007ff924920000 - 0x00007ff924958000 	C:\WINDOWS\SYSTEM32\IPHLPAPI.DLL
0x00007ff928a70000 - 0x00007ff928a78000 	C:\WINDOWS\System32\NSI.dll
0x00007ff920980000 - 0x00007ff920996000 	C:\WINDOWS\SYSTEM32\dhcpcsvc6.DLL
0x00007ff920920000 - 0x00007ff92093a000 	C:\WINDOWS\SYSTEM32\dhcpcsvc.DLL

VM Arguments:
jvm_args: -Dorg.gradle.appname=gradlew 
java_command: org.gradle.wrapper.GradleWrapperMain assembleRelease
java_class_path (initial): C:/Users/denis.kuts/peoplelink/android/gradle/wrapper/gradle-wrapper.jar
Launcher Type: SUN_STANDARD

Environment Variables:
JAVA_HOME=C:\Program Files\Java\jdk1.8.0_171
PATH=C:\Program Files\Git\mingw64\bin;C:\Program Files\Git\usr\bin;C:\Users\denis.kuts\bin;C:\Users\denis.kuts\bin;C:\cmder\bin;C:\Program Files\Git\bin;C:\cmder\vendor\git-for-windows\mingw64\bin;C:\cmder\vendor\git-for-windows\usr\local\bin;C:\cmder\vendor\git-for-windows\usr\bin;C:\cmder\vendor\git-for-windows\usr\bin;C:\cmder\vendor\git-for-windows\mingw64\bin;C:\cmder\vendor\git-for-windows\usr\bin;C:\Users\denis.kuts\bin;C:\cmder\vendor\conemu-maximus5\ConEmu\Scripts;C:\cmder\vendor\conemu-maximus5;C:\cmder\vendor\conemu-maximus5\ConEmu;C:\Program Files\Docker\Docker\Resources\bin;C:\Program Files (x86)\Common Files\Oracle\Java\javapath;C:\WINDOWS\system32;C:\WINDOWS;C:\WINDOWS\System32\Wbem;C:\WINDOWS\System32\WindowsPowerShell\v1.0;C:\Program Files\Git\cmd;C:\WINDOWS\System32\OpenSSH;C:\Program Files\nodejs;C:\Program Files\Microsoft VS Code\bin;C:\Program Files\PuTTY;C:\Users\denis.kuts\AppData\Local\Microsoft\WindowsApps;C:\Users\denis.kuts\AppData\Local\hyper\app-2.0.0\resources\bin;C:\Program Files\Microsoft VS Code\bin;C:\Users\denis.kuts\AppData\Local\Android\Sdk\platform-tools;C:\Users\denis.kuts\AppData\Local\Yarn\bin;C:\Program Files\MongoDB\Server\4.0\bin;C:\Users\denis.kuts\AppData\Roaming\npm;C:\Program Files\Docker\Docker\resources\bin;C:\cmder;C:\cmder\vendor\git-for-windows\usr\bin\vendor_perl;C:\cmder\vendor\git-for-windows\usr\bin\core_perl
USERNAME=denis.kuts
SHELL=C:\cmder\vendor\git-for-windows\usr\bin\bash.exe
DISPLAY=needs-to-be-defined
OS=Windows_NT
PROCESSOR_IDENTIFIER=Intel64 Family 6 Model 94 Stepping 3, GenuineIntel



---------------  S Y S T E M  ---------------

OS: Windows 10.0 , 64 bit Build 17134 (10.0.17134.1)

CPU:total 8 (initial active 8) (4 cores per cpu, 2 threads per core) family 6 model 94 stepping 3, cmov, cx8, fxsr, mmx, sse, sse2, sse3, ssse3, sse4.1, sse4.2, popcnt, avx, avx2, aes, clmul, erms, rtm, 3dnowpref, lzcnt, ht, tsc, tscinvbit, bmi1, bmi2, adx

Memory: 4k page, physical 7774512k(37772k free), swap 22254608k(3348k free)

vm_info: Java HotSpot(TM) 64-Bit Server VM (25.171-b11) for windows-amd64 JRE (1.8.0_171-b11), built on Mar 28 2018 16:06:12 by "java_re" with MS VC++ 10.0 (VS2010)

time: Fri Nov 30 18:37:19 2018
elapsed time: 5 seconds (0d 0h 0m 5s)

